<?xml version="1.0" encoding="UTF-8"?>
<testsuite xmlns:xsi="http://www.w3.org/2001/XMLSchema-instance" xsi:noNamespaceSchemaLocation="https://maven.apache.org/surefire/maven-surefire-plugin/xsd/surefire-test-report-3.0.xsd" version="3.0" name="com.example.grocerybookingapi.controller.GroceryControllerTest" time="11.634" tests="4" errors="0" skipped="0" failures="0">
  <properties>
    <property name="java.specification.version" value="23"/>
    <property name="sun.jnu.encoding" value="UTF-8"/>
    <property name="java.class.path" value="/Users/apple/Documents/ qp-assessment/demo/target/test-classes:/Users/apple/Documents/ qp-assessment/demo/target/classes:/Users/apple/.m2/repository/org/springframework/boot/spring-boot-starter-web/2.7.10/spring-boot-starter-web-2.7.10.jar:/Users/apple/.m2/repository/org/springframework/boot/spring-boot-starter/2.7.10/spring-boot-starter-2.7.10.jar:/Users/apple/.m2/repository/org/springframework/boot/spring-boot/2.7.10/spring-boot-2.7.10.jar:/Users/apple/.m2/repository/org/springframework/boot/spring-boot-autoconfigure/2.7.10/spring-boot-autoconfigure-2.7.10.jar:/Users/apple/.m2/repository/org/springframework/boot/spring-boot-starter-logging/2.7.10/spring-boot-starter-logging-2.7.10.jar:/Users/apple/.m2/repository/ch/qos/logback/logback-classic/1.2.11/logback-classic-1.2.11.jar:/Users/apple/.m2/repository/ch/qos/logback/logback-core/1.2.11/logback-core-1.2.11.jar:/Users/apple/.m2/repository/org/apache/logging/log4j/log4j-to-slf4j/2.17.2/log4j-to-slf4j-2.17.2.jar:/Users/apple/.m2/repository/org/apache/logging/log4j/log4j-api/2.17.2/log4j-api-2.17.2.jar:/Users/apple/.m2/repository/org/slf4j/jul-to-slf4j/1.7.36/jul-to-slf4j-1.7.36.jar:/Users/apple/.m2/repository/jakarta/annotation/jakarta.annotation-api/1.3.5/jakarta.annotation-api-1.3.5.jar:/Users/apple/.m2/repository/org/yaml/snakeyaml/1.30/snakeyaml-1.30.jar:/Users/apple/.m2/repository/org/springframework/boot/spring-boot-starter-json/2.7.10/spring-boot-starter-json-2.7.10.jar:/Users/apple/.m2/repository/com/fasterxml/jackson/core/jackson-databind/2.13.5/jackson-databind-2.13.5.jar:/Users/apple/.m2/repository/com/fasterxml/jackson/core/jackson-annotations/2.13.5/jackson-annotations-2.13.5.jar:/Users/apple/.m2/repository/com/fasterxml/jackson/core/jackson-core/2.13.5/jackson-core-2.13.5.jar:/Users/apple/.m2/repository/com/fasterxml/jackson/datatype/jackson-datatype-jdk8/2.13.5/jackson-datatype-jdk8-2.13.5.jar:/Users/apple/.m2/repository/com/fasterxml/jackson/datatype/jackson-datatype-jsr310/2.13.5/jackson-datatype-jsr310-2.13.5.jar:/Users/apple/.m2/repository/com/fasterxml/jackson/module/jackson-module-parameter-names/2.13.5/jackson-module-parameter-names-2.13.5.jar:/Users/apple/.m2/repository/org/springframework/boot/spring-boot-starter-tomcat/2.7.10/spring-boot-starter-tomcat-2.7.10.jar:/Users/apple/.m2/repository/org/apache/tomcat/embed/tomcat-embed-core/9.0.73/tomcat-embed-core-9.0.73.jar:/Users/apple/.m2/repository/org/apache/tomcat/embed/tomcat-embed-el/9.0.73/tomcat-embed-el-9.0.73.jar:/Users/apple/.m2/repository/org/apache/tomcat/embed/tomcat-embed-websocket/9.0.73/tomcat-embed-websocket-9.0.73.jar:/Users/apple/.m2/repository/org/springframework/spring-web/5.3.26/spring-web-5.3.26.jar:/Users/apple/.m2/repository/org/springframework/spring-beans/5.3.26/spring-beans-5.3.26.jar:/Users/apple/.m2/repository/org/springframework/spring-webmvc/5.3.26/spring-webmvc-5.3.26.jar:/Users/apple/.m2/repository/org/springframework/spring-aop/5.3.26/spring-aop-5.3.26.jar:/Users/apple/.m2/repository/org/springframework/spring-context/5.3.26/spring-context-5.3.26.jar:/Users/apple/.m2/repository/org/springframework/spring-expression/5.3.26/spring-expression-5.3.26.jar:/Users/apple/.m2/repository/org/springframework/boot/spring-boot-starter-data-jpa/2.7.10/spring-boot-starter-data-jpa-2.7.10.jar:/Users/apple/.m2/repository/org/springframework/boot/spring-boot-starter-aop/2.7.10/spring-boot-starter-aop-2.7.10.jar:/Users/apple/.m2/repository/org/aspectj/aspectjweaver/1.9.7/aspectjweaver-1.9.7.jar:/Users/apple/.m2/repository/org/springframework/boot/spring-boot-starter-jdbc/2.7.10/spring-boot-starter-jdbc-2.7.10.jar:/Users/apple/.m2/repository/com/zaxxer/HikariCP/4.0.3/HikariCP-4.0.3.jar:/Users/apple/.m2/repository/org/springframework/spring-jdbc/5.3.26/spring-jdbc-5.3.26.jar:/Users/apple/.m2/repository/jakarta/transaction/jakarta.transaction-api/1.3.3/jakarta.transaction-api-1.3.3.jar:/Users/apple/.m2/repository/jakarta/persistence/jakarta.persistence-api/2.2.3/jakarta.persistence-api-2.2.3.jar:/Users/apple/.m2/repository/org/hibernate/hibernate-core/5.6.15.Final/hibernate-core-5.6.15.Final.jar:/Users/apple/.m2/repository/org/jboss/logging/jboss-logging/3.4.3.Final/jboss-logging-3.4.3.Final.jar:/Users/apple/.m2/repository/net/bytebuddy/byte-buddy/1.12.23/byte-buddy-1.12.23.jar:/Users/apple/.m2/repository/antlr/antlr/2.7.7/antlr-2.7.7.jar:/Users/apple/.m2/repository/org/jboss/jandex/2.4.2.Final/jandex-2.4.2.Final.jar:/Users/apple/.m2/repository/com/fasterxml/classmate/1.5.1/classmate-1.5.1.jar:/Users/apple/.m2/repository/org/hibernate/common/hibernate-commons-annotations/5.1.2.Final/hibernate-commons-annotations-5.1.2.Final.jar:/Users/apple/.m2/repository/org/glassfish/jaxb/jaxb-runtime/2.3.8/jaxb-runtime-2.3.8.jar:/Users/apple/.m2/repository/org/glassfish/jaxb/txw2/2.3.8/txw2-2.3.8.jar:/Users/apple/.m2/repository/com/sun/istack/istack-commons-runtime/3.0.12/istack-commons-runtime-3.0.12.jar:/Users/apple/.m2/repository/com/sun/activation/jakarta.activation/1.2.2/jakarta.activation-1.2.2.jar:/Users/apple/.m2/repository/org/springframework/data/spring-data-jpa/2.7.10/spring-data-jpa-2.7.10.jar:/Users/apple/.m2/repository/org/springframework/data/spring-data-commons/2.7.10/spring-data-commons-2.7.10.jar:/Users/apple/.m2/repository/org/springframework/spring-orm/5.3.26/spring-orm-5.3.26.jar:/Users/apple/.m2/repository/org/springframework/spring-tx/5.3.26/spring-tx-5.3.26.jar:/Users/apple/.m2/repository/org/slf4j/slf4j-api/1.7.36/slf4j-api-1.7.36.jar:/Users/apple/.m2/repository/org/springframework/spring-aspects/5.3.26/spring-aspects-5.3.26.jar:/Users/apple/.m2/repository/com/h2database/h2/2.1.214/h2-2.1.214.jar:/Users/apple/.m2/repository/org/springframework/boot/spring-boot-starter-test/2.7.10/spring-boot-starter-test-2.7.10.jar:/Users/apple/.m2/repository/org/springframework/boot/spring-boot-test/2.7.10/spring-boot-test-2.7.10.jar:/Users/apple/.m2/repository/org/springframework/boot/spring-boot-test-autoconfigure/2.7.10/spring-boot-test-autoconfigure-2.7.10.jar:/Users/apple/.m2/repository/com/jayway/jsonpath/json-path/2.7.0/json-path-2.7.0.jar:/Users/apple/.m2/repository/net/minidev/json-smart/2.4.10/json-smart-2.4.10.jar:/Users/apple/.m2/repository/net/minidev/accessors-smart/2.4.9/accessors-smart-2.4.9.jar:/Users/apple/.m2/repository/org/ow2/asm/asm/9.3/asm-9.3.jar:/Users/apple/.m2/repository/jakarta/xml/bind/jakarta.xml.bind-api/2.3.3/jakarta.xml.bind-api-2.3.3.jar:/Users/apple/.m2/repository/jakarta/activation/jakarta.activation-api/1.2.2/jakarta.activation-api-1.2.2.jar:/Users/apple/.m2/repository/org/assertj/assertj-core/3.22.0/assertj-core-3.22.0.jar:/Users/apple/.m2/repository/org/hamcrest/hamcrest/2.2/hamcrest-2.2.jar:/Users/apple/.m2/repository/org/junit/jupiter/junit-jupiter/5.8.2/junit-jupiter-5.8.2.jar:/Users/apple/.m2/repository/org/junit/jupiter/junit-jupiter-api/5.8.2/junit-jupiter-api-5.8.2.jar:/Users/apple/.m2/repository/org/opentest4j/opentest4j/1.2.0/opentest4j-1.2.0.jar:/Users/apple/.m2/repository/org/junit/platform/junit-platform-commons/1.8.2/junit-platform-commons-1.8.2.jar:/Users/apple/.m2/repository/org/apiguardian/apiguardian-api/1.1.2/apiguardian-api-1.1.2.jar:/Users/apple/.m2/repository/org/junit/jupiter/junit-jupiter-params/5.8.2/junit-jupiter-params-5.8.2.jar:/Users/apple/.m2/repository/org/junit/jupiter/junit-jupiter-engine/5.8.2/junit-jupiter-engine-5.8.2.jar:/Users/apple/.m2/repository/org/junit/platform/junit-platform-engine/1.8.2/junit-platform-engine-1.8.2.jar:/Users/apple/.m2/repository/org/mockito/mockito-core/4.5.1/mockito-core-4.5.1.jar:/Users/apple/.m2/repository/net/bytebuddy/byte-buddy-agent/1.12.23/byte-buddy-agent-1.12.23.jar:/Users/apple/.m2/repository/org/objenesis/objenesis/3.2/objenesis-3.2.jar:/Users/apple/.m2/repository/org/mockito/mockito-junit-jupiter/4.5.1/mockito-junit-jupiter-4.5.1.jar:/Users/apple/.m2/repository/org/skyscreamer/jsonassert/1.5.1/jsonassert-1.5.1.jar:/Users/apple/.m2/repository/com/vaadin/external/google/android-json/0.0.20131108.vaadin1/android-json-0.0.20131108.vaadin1.jar:/Users/apple/.m2/repository/org/springframework/spring-core/5.3.26/spring-core-5.3.26.jar:/Users/apple/.m2/repository/org/springframework/spring-jcl/5.3.26/spring-jcl-5.3.26.jar:/Users/apple/.m2/repository/org/springframework/spring-test/5.3.26/spring-test-5.3.26.jar:/Users/apple/.m2/repository/org/xmlunit/xmlunit-core/2.9.1/xmlunit-core-2.9.1.jar:/Users/apple/.m2/repository/org/projectlombok/lombok/1.18.30/lombok-1.18.30.jar:"/>
    <property name="java.vm.vendor" value="Eclipse Adoptium"/>
    <property name="sun.arch.data.model" value="64"/>
    <property name="java.vendor.url" value="https://adoptium.net/"/>
    <property name="user.timezone" value="Asia/Kolkata"/>
    <property name="os.name" value="Mac OS X"/>
    <property name="java.vm.specification.version" value="23"/>
    <property name="sun.java.launcher" value="SUN_STANDARD"/>
    <property name="user.country" value="IN"/>
    <property name="sun.boot.library.path" value="/Users/apple/Library/Application Support/Code/User/globalStorage/pleiades.java-extension-pack-jdk/java/latest/lib"/>
    <property name="sun.java.command" value="/Users/apple/Documents/ qp-assessment/demo/target/surefire/surefirebooter-20241221203858699_3.jar /Users/apple/Documents/ qp-assessment/demo/target/surefire 2024-12-21T20-38-58_475-jvmRun1 surefire-20241221203858699_1tmp surefire_0-20241221203858699_2tmp"/>
    <property name="http.nonProxyHosts" value="local|*.local|169.254/16|*.169.254/16"/>
    <property name="jdk.debug" value="release"/>
    <property name="surefire.test.class.path" value="/Users/apple/Documents/ qp-assessment/demo/target/test-classes:/Users/apple/Documents/ qp-assessment/demo/target/classes:/Users/apple/.m2/repository/org/springframework/boot/spring-boot-starter-web/2.7.10/spring-boot-starter-web-2.7.10.jar:/Users/apple/.m2/repository/org/springframework/boot/spring-boot-starter/2.7.10/spring-boot-starter-2.7.10.jar:/Users/apple/.m2/repository/org/springframework/boot/spring-boot/2.7.10/spring-boot-2.7.10.jar:/Users/apple/.m2/repository/org/springframework/boot/spring-boot-autoconfigure/2.7.10/spring-boot-autoconfigure-2.7.10.jar:/Users/apple/.m2/repository/org/springframework/boot/spring-boot-starter-logging/2.7.10/spring-boot-starter-logging-2.7.10.jar:/Users/apple/.m2/repository/ch/qos/logback/logback-classic/1.2.11/logback-classic-1.2.11.jar:/Users/apple/.m2/repository/ch/qos/logback/logback-core/1.2.11/logback-core-1.2.11.jar:/Users/apple/.m2/repository/org/apache/logging/log4j/log4j-to-slf4j/2.17.2/log4j-to-slf4j-2.17.2.jar:/Users/apple/.m2/repository/org/apache/logging/log4j/log4j-api/2.17.2/log4j-api-2.17.2.jar:/Users/apple/.m2/repository/org/slf4j/jul-to-slf4j/1.7.36/jul-to-slf4j-1.7.36.jar:/Users/apple/.m2/repository/jakarta/annotation/jakarta.annotation-api/1.3.5/jakarta.annotation-api-1.3.5.jar:/Users/apple/.m2/repository/org/yaml/snakeyaml/1.30/snakeyaml-1.30.jar:/Users/apple/.m2/repository/org/springframework/boot/spring-boot-starter-json/2.7.10/spring-boot-starter-json-2.7.10.jar:/Users/apple/.m2/repository/com/fasterxml/jackson/core/jackson-databind/2.13.5/jackson-databind-2.13.5.jar:/Users/apple/.m2/repository/com/fasterxml/jackson/core/jackson-annotations/2.13.5/jackson-annotations-2.13.5.jar:/Users/apple/.m2/repository/com/fasterxml/jackson/core/jackson-core/2.13.5/jackson-core-2.13.5.jar:/Users/apple/.m2/repository/com/fasterxml/jackson/datatype/jackson-datatype-jdk8/2.13.5/jackson-datatype-jdk8-2.13.5.jar:/Users/apple/.m2/repository/com/fasterxml/jackson/datatype/jackson-datatype-jsr310/2.13.5/jackson-datatype-jsr310-2.13.5.jar:/Users/apple/.m2/repository/com/fasterxml/jackson/module/jackson-module-parameter-names/2.13.5/jackson-module-parameter-names-2.13.5.jar:/Users/apple/.m2/repository/org/springframework/boot/spring-boot-starter-tomcat/2.7.10/spring-boot-starter-tomcat-2.7.10.jar:/Users/apple/.m2/repository/org/apache/tomcat/embed/tomcat-embed-core/9.0.73/tomcat-embed-core-9.0.73.jar:/Users/apple/.m2/repository/org/apache/tomcat/embed/tomcat-embed-el/9.0.73/tomcat-embed-el-9.0.73.jar:/Users/apple/.m2/repository/org/apache/tomcat/embed/tomcat-embed-websocket/9.0.73/tomcat-embed-websocket-9.0.73.jar:/Users/apple/.m2/repository/org/springframework/spring-web/5.3.26/spring-web-5.3.26.jar:/Users/apple/.m2/repository/org/springframework/spring-beans/5.3.26/spring-beans-5.3.26.jar:/Users/apple/.m2/repository/org/springframework/spring-webmvc/5.3.26/spring-webmvc-5.3.26.jar:/Users/apple/.m2/repository/org/springframework/spring-aop/5.3.26/spring-aop-5.3.26.jar:/Users/apple/.m2/repository/org/springframework/spring-context/5.3.26/spring-context-5.3.26.jar:/Users/apple/.m2/repository/org/springframework/spring-expression/5.3.26/spring-expression-5.3.26.jar:/Users/apple/.m2/repository/org/springframework/boot/spring-boot-starter-data-jpa/2.7.10/spring-boot-starter-data-jpa-2.7.10.jar:/Users/apple/.m2/repository/org/springframework/boot/spring-boot-starter-aop/2.7.10/spring-boot-starter-aop-2.7.10.jar:/Users/apple/.m2/repository/org/aspectj/aspectjweaver/1.9.7/aspectjweaver-1.9.7.jar:/Users/apple/.m2/repository/org/springframework/boot/spring-boot-starter-jdbc/2.7.10/spring-boot-starter-jdbc-2.7.10.jar:/Users/apple/.m2/repository/com/zaxxer/HikariCP/4.0.3/HikariCP-4.0.3.jar:/Users/apple/.m2/repository/org/springframework/spring-jdbc/5.3.26/spring-jdbc-5.3.26.jar:/Users/apple/.m2/repository/jakarta/transaction/jakarta.transaction-api/1.3.3/jakarta.transaction-api-1.3.3.jar:/Users/apple/.m2/repository/jakarta/persistence/jakarta.persistence-api/2.2.3/jakarta.persistence-api-2.2.3.jar:/Users/apple/.m2/repository/org/hibernate/hibernate-core/5.6.15.Final/hibernate-core-5.6.15.Final.jar:/Users/apple/.m2/repository/org/jboss/logging/jboss-logging/3.4.3.Final/jboss-logging-3.4.3.Final.jar:/Users/apple/.m2/repository/net/bytebuddy/byte-buddy/1.12.23/byte-buddy-1.12.23.jar:/Users/apple/.m2/repository/antlr/antlr/2.7.7/antlr-2.7.7.jar:/Users/apple/.m2/repository/org/jboss/jandex/2.4.2.Final/jandex-2.4.2.Final.jar:/Users/apple/.m2/repository/com/fasterxml/classmate/1.5.1/classmate-1.5.1.jar:/Users/apple/.m2/repository/org/hibernate/common/hibernate-commons-annotations/5.1.2.Final/hibernate-commons-annotations-5.1.2.Final.jar:/Users/apple/.m2/repository/org/glassfish/jaxb/jaxb-runtime/2.3.8/jaxb-runtime-2.3.8.jar:/Users/apple/.m2/repository/org/glassfish/jaxb/txw2/2.3.8/txw2-2.3.8.jar:/Users/apple/.m2/repository/com/sun/istack/istack-commons-runtime/3.0.12/istack-commons-runtime-3.0.12.jar:/Users/apple/.m2/repository/com/sun/activation/jakarta.activation/1.2.2/jakarta.activation-1.2.2.jar:/Users/apple/.m2/repository/org/springframework/data/spring-data-jpa/2.7.10/spring-data-jpa-2.7.10.jar:/Users/apple/.m2/repository/org/springframework/data/spring-data-commons/2.7.10/spring-data-commons-2.7.10.jar:/Users/apple/.m2/repository/org/springframework/spring-orm/5.3.26/spring-orm-5.3.26.jar:/Users/apple/.m2/repository/org/springframework/spring-tx/5.3.26/spring-tx-5.3.26.jar:/Users/apple/.m2/repository/org/slf4j/slf4j-api/1.7.36/slf4j-api-1.7.36.jar:/Users/apple/.m2/repository/org/springframework/spring-aspects/5.3.26/spring-aspects-5.3.26.jar:/Users/apple/.m2/repository/com/h2database/h2/2.1.214/h2-2.1.214.jar:/Users/apple/.m2/repository/org/springframework/boot/spring-boot-starter-test/2.7.10/spring-boot-starter-test-2.7.10.jar:/Users/apple/.m2/repository/org/springframework/boot/spring-boot-test/2.7.10/spring-boot-test-2.7.10.jar:/Users/apple/.m2/repository/org/springframework/boot/spring-boot-test-autoconfigure/2.7.10/spring-boot-test-autoconfigure-2.7.10.jar:/Users/apple/.m2/repository/com/jayway/jsonpath/json-path/2.7.0/json-path-2.7.0.jar:/Users/apple/.m2/repository/net/minidev/json-smart/2.4.10/json-smart-2.4.10.jar:/Users/apple/.m2/repository/net/minidev/accessors-smart/2.4.9/accessors-smart-2.4.9.jar:/Users/apple/.m2/repository/org/ow2/asm/asm/9.3/asm-9.3.jar:/Users/apple/.m2/repository/jakarta/xml/bind/jakarta.xml.bind-api/2.3.3/jakarta.xml.bind-api-2.3.3.jar:/Users/apple/.m2/repository/jakarta/activation/jakarta.activation-api/1.2.2/jakarta.activation-api-1.2.2.jar:/Users/apple/.m2/repository/org/assertj/assertj-core/3.22.0/assertj-core-3.22.0.jar:/Users/apple/.m2/repository/org/hamcrest/hamcrest/2.2/hamcrest-2.2.jar:/Users/apple/.m2/repository/org/junit/jupiter/junit-jupiter/5.8.2/junit-jupiter-5.8.2.jar:/Users/apple/.m2/repository/org/junit/jupiter/junit-jupiter-api/5.8.2/junit-jupiter-api-5.8.2.jar:/Users/apple/.m2/repository/org/opentest4j/opentest4j/1.2.0/opentest4j-1.2.0.jar:/Users/apple/.m2/repository/org/junit/platform/junit-platform-commons/1.8.2/junit-platform-commons-1.8.2.jar:/Users/apple/.m2/repository/org/apiguardian/apiguardian-api/1.1.2/apiguardian-api-1.1.2.jar:/Users/apple/.m2/repository/org/junit/jupiter/junit-jupiter-params/5.8.2/junit-jupiter-params-5.8.2.jar:/Users/apple/.m2/repository/org/junit/jupiter/junit-jupiter-engine/5.8.2/junit-jupiter-engine-5.8.2.jar:/Users/apple/.m2/repository/org/junit/platform/junit-platform-engine/1.8.2/junit-platform-engine-1.8.2.jar:/Users/apple/.m2/repository/org/mockito/mockito-core/4.5.1/mockito-core-4.5.1.jar:/Users/apple/.m2/repository/net/bytebuddy/byte-buddy-agent/1.12.23/byte-buddy-agent-1.12.23.jar:/Users/apple/.m2/repository/org/objenesis/objenesis/3.2/objenesis-3.2.jar:/Users/apple/.m2/repository/org/mockito/mockito-junit-jupiter/4.5.1/mockito-junit-jupiter-4.5.1.jar:/Users/apple/.m2/repository/org/skyscreamer/jsonassert/1.5.1/jsonassert-1.5.1.jar:/Users/apple/.m2/repository/com/vaadin/external/google/android-json/0.0.20131108.vaadin1/android-json-0.0.20131108.vaadin1.jar:/Users/apple/.m2/repository/org/springframework/spring-core/5.3.26/spring-core-5.3.26.jar:/Users/apple/.m2/repository/org/springframework/spring-jcl/5.3.26/spring-jcl-5.3.26.jar:/Users/apple/.m2/repository/org/springframework/spring-test/5.3.26/spring-test-5.3.26.jar:/Users/apple/.m2/repository/org/xmlunit/xmlunit-core/2.9.1/xmlunit-core-2.9.1.jar:/Users/apple/.m2/repository/org/projectlombok/lombok/1.18.30/lombok-1.18.30.jar:"/>
    <property name="sun.cpu.endian" value="little"/>
    <property name="user.home" value="/Users/apple"/>
    <property name="user.language" value="en"/>
    <property name="java.specification.vendor" value="Oracle Corporation"/>
    <property name="java.version.date" value="2024-10-15"/>
    <property name="java.home" value="/Users/apple/Library/Application Support/Code/User/globalStorage/pleiades.java-extension-pack-jdk/java/latest"/>
    <property name="file.separator" value="/"/>
    <property name="basedir" value="/Users/apple/Documents/ qp-assessment/demo"/>
    <property name="java.vm.compressedOopsMode" value="Zero based"/>
    <property name="line.separator" value="&#10;"/>
    <property name="java.vm.specification.vendor" value="Oracle Corporation"/>
    <property name="java.specification.name" value="Java Platform API Specification"/>
    <property name="FILE_LOG_CHARSET" value="UTF-8"/>
    <property name="java.awt.headless" value="true"/>
    <property name="apple.awt.application.name" value="ForkedBooter"/>
    <property name="surefire.real.class.path" value="/Users/apple/Documents/ qp-assessment/demo/target/surefire/surefirebooter-20241221203858699_3.jar"/>
    <property name="sun.management.compiler" value="HotSpot 64-Bit Tiered Compilers"/>
    <property name="ftp.nonProxyHosts" value="local|*.local|169.254/16|*.169.254/16"/>
    <property name="java.runtime.version" value="23.0.1+11"/>
    <property name="user.name" value="apple"/>
    <property name="stdout.encoding" value="UTF-8"/>
    <property name="path.separator" value=":"/>
    <property name="os.version" value="12.6"/>
    <property name="java.runtime.name" value="OpenJDK Runtime Environment"/>
    <property name="file.encoding" value="UTF-8"/>
    <property name="spring.beaninfo.ignore" value="true"/>
    <property name="java.vm.name" value="OpenJDK 64-Bit Server VM"/>
    <property name="java.vendor.version" value="Temurin-23.0.1+11"/>
    <property name="localRepository" value="/Users/apple/.m2/repository"/>
    <property name="java.vendor.url.bug" value="https://github.com/adoptium/adoptium-support/issues"/>
    <property name="java.io.tmpdir" value="/var/folders/nx/p57rmlrs4mz21c261lz3dbbw0000gn/T/"/>
    <property name="com.zaxxer.hikari.pool_number" value="1"/>
    <property name="java.version" value="23.0.1"/>
    <property name="user.dir" value="/Users/apple/Documents/ qp-assessment/demo"/>
    <property name="os.arch" value="x86_64"/>
    <property name="java.vm.specification.name" value="Java Virtual Machine Specification"/>
    <property name="PID" value="91125"/>
    <property name="CONSOLE_LOG_CHARSET" value="UTF-8"/>
    <property name="native.encoding" value="UTF-8"/>
    <property name="java.library.path" value="/Users/apple/Library/Java/Extensions:/Library/Java/Extensions:/Network/Library/Java/Extensions:/System/Library/Java/Extensions:/usr/lib/java:."/>
    <property name="java.vm.info" value="mixed mode"/>
    <property name="stderr.encoding" value="UTF-8"/>
    <property name="java.vendor" value="Eclipse Adoptium"/>
    <property name="java.vm.version" value="23.0.1+11"/>
    <property name="sun.io.unicode.encoding" value="UnicodeBig"/>
    <property name="socksNonProxyHosts" value="local|*.local|169.254/16|*.169.254/16"/>
    <property name="java.class.version" value="67.0"/>
  </properties>
  <testcase name="testGetAllGroceries" classname="com.example.grocerybookingapi.controller.GroceryControllerTest" time="0.836">
    <system-out><![CDATA[20:39:00.965 [main] DEBUG org.springframework.test.context.BootstrapUtils - Instantiating CacheAwareContextLoaderDelegate from class [org.springframework.test.context.cache.DefaultCacheAwareContextLoaderDelegate]
20:39:00.983 [main] DEBUG org.springframework.test.context.BootstrapUtils - Instantiating BootstrapContext using constructor [public org.springframework.test.context.support.DefaultBootstrapContext(java.lang.Class,org.springframework.test.context.CacheAwareContextLoaderDelegate)]
20:39:01.096 [main] DEBUG org.springframework.test.context.BootstrapUtils - Instantiating TestContextBootstrapper for test class [com.example.grocerybookingapi.controller.GroceryControllerTest] from class [org.springframework.boot.test.context.SpringBootTestContextBootstrapper]
20:39:01.127 [main] INFO org.springframework.boot.test.context.SpringBootTestContextBootstrapper - Neither @ContextConfiguration nor @ContextHierarchy found for test class [com.example.grocerybookingapi.controller.GroceryControllerTest], using SpringBootContextLoader
20:39:01.130 [main] DEBUG org.springframework.test.context.support.AbstractContextLoader - Did not detect default resource location for test class [com.example.grocerybookingapi.controller.GroceryControllerTest]: class path resource [com/example/grocerybookingapi/controller/GroceryControllerTest-context.xml] does not exist
20:39:01.131 [main] DEBUG org.springframework.test.context.support.AbstractContextLoader - Did not detect default resource location for test class [com.example.grocerybookingapi.controller.GroceryControllerTest]: class path resource [com/example/grocerybookingapi/controller/GroceryControllerTestContext.groovy] does not exist
20:39:01.132 [main] INFO org.springframework.test.context.support.AbstractContextLoader - Could not detect default resource locations for test class [com.example.grocerybookingapi.controller.GroceryControllerTest]: no resource found for suffixes {-context.xml, Context.groovy}.
20:39:01.132 [main] INFO org.springframework.test.context.support.AnnotationConfigContextLoaderUtils - Could not detect default configuration classes for test class [com.example.grocerybookingapi.controller.GroceryControllerTest]: GroceryControllerTest does not declare any static, non-private, non-final, nested classes annotated with @Configuration.
20:39:01.272 [main] DEBUG org.springframework.test.context.support.ActiveProfilesUtils - Could not find an 'annotation declaring class' for annotation type [org.springframework.test.context.ActiveProfiles] and class [com.example.grocerybookingapi.controller.GroceryControllerTest]
20:39:01.502 [main] DEBUG org.springframework.context.annotation.ClassPathScanningCandidateComponentProvider - Identified candidate component class: file [/Users/apple/Documents/ qp-assessment/demo/target/classes/com/example/grocerybookingapi/GroceryBookingApiApplication.class]
20:39:01.504 [main] INFO org.springframework.boot.test.context.SpringBootTestContextBootstrapper - Found @SpringBootConfiguration com.example.grocerybookingapi.GroceryBookingApiApplication for test class com.example.grocerybookingapi.controller.GroceryControllerTest
20:39:01.707 [main] DEBUG org.springframework.boot.test.context.SpringBootTestContextBootstrapper - @TestExecutionListeners is not present for class [com.example.grocerybookingapi.controller.GroceryControllerTest]: using defaults.
20:39:01.708 [main] INFO org.springframework.boot.test.context.SpringBootTestContextBootstrapper - Loaded default TestExecutionListener class names from location [META-INF/spring.factories]: [org.springframework.boot.test.mock.mockito.MockitoTestExecutionListener, org.springframework.boot.test.mock.mockito.ResetMocksTestExecutionListener, org.springframework.boot.test.autoconfigure.restdocs.RestDocsTestExecutionListener, org.springframework.boot.test.autoconfigure.web.client.MockRestServiceServerResetTestExecutionListener, org.springframework.boot.test.autoconfigure.web.servlet.MockMvcPrintOnlyOnFailureTestExecutionListener, org.springframework.boot.test.autoconfigure.web.servlet.WebDriverTestExecutionListener, org.springframework.boot.test.autoconfigure.webservices.client.MockWebServiceServerTestExecutionListener, org.springframework.test.context.web.ServletTestExecutionListener, org.springframework.test.context.support.DirtiesContextBeforeModesTestExecutionListener, org.springframework.test.context.event.ApplicationEventsTestExecutionListener, org.springframework.test.context.support.DependencyInjectionTestExecutionListener, org.springframework.test.context.support.DirtiesContextTestExecutionListener, org.springframework.test.context.transaction.TransactionalTestExecutionListener, org.springframework.test.context.jdbc.SqlScriptsTestExecutionListener, org.springframework.test.context.event.EventPublishingTestExecutionListener]
20:39:01.882 [main] INFO org.springframework.boot.test.context.SpringBootTestContextBootstrapper - Using TestExecutionListeners: [org.springframework.test.context.web.ServletTestExecutionListener@751d3241, org.springframework.test.context.support.DirtiesContextBeforeModesTestExecutionListener@76c7beb3, org.springframework.test.context.event.ApplicationEventsTestExecutionListener@64337702, org.springframework.boot.test.mock.mockito.MockitoTestExecutionListener@2cf92cc7, org.springframework.boot.test.autoconfigure.SpringBootDependencyInjectionTestExecutionListener@30ea8c23, org.springframework.test.context.support.DirtiesContextTestExecutionListener@7b139eab, org.springframework.test.context.transaction.TransactionalTestExecutionListener@4e76dac, org.springframework.test.context.jdbc.SqlScriptsTestExecutionListener@611df6e3, org.springframework.test.context.event.EventPublishingTestExecutionListener@5f2f577, org.springframework.boot.test.mock.mockito.ResetMocksTestExecutionListener@6273c5a4, org.springframework.boot.test.autoconfigure.restdocs.RestDocsTestExecutionListener@5d465e4b, org.springframework.boot.test.autoconfigure.web.client.MockRestServiceServerResetTestExecutionListener@53e211ee, org.springframework.boot.test.autoconfigure.web.servlet.MockMvcPrintOnlyOnFailureTestExecutionListener@41a90fa8, org.springframework.boot.test.autoconfigure.web.servlet.WebDriverTestExecutionListener@3d8bbcdc, org.springframework.boot.test.autoconfigure.webservices.client.MockWebServiceServerTestExecutionListener@52500920]
20:39:01.913 [main] DEBUG org.springframework.test.context.support.AbstractDirtiesContextTestExecutionListener - Before test class: context [DefaultTestContext@63c5efee testClass = GroceryControllerTest, testInstance = [null], testMethod = [null], testException = [null], mergedContextConfiguration = [WebMergedContextConfiguration@2d10e0b1 testClass = GroceryControllerTest, locations = '{}', classes = '{class com.example.grocerybookingapi.GroceryBookingApiApplication}', contextInitializerClasses = '[]', activeProfiles = '{}', propertySourceLocations = '{}', propertySourceProperties = '{org.springframework.boot.test.context.SpringBootTestContextBootstrapper=true}', contextCustomizers = set[[ImportsContextCustomizer@1c98290c key = [org.springframework.boot.test.autoconfigure.web.servlet.MockMvcAutoConfiguration, org.springframework.boot.test.autoconfigure.web.servlet.MockMvcWebClientAutoConfiguration, org.springframework.boot.test.autoconfigure.web.servlet.MockMvcWebDriverAutoConfiguration, org.springframework.boot.autoconfigure.security.oauth2.client.servlet.OAuth2ClientAutoConfiguration, org.springframework.boot.autoconfigure.security.oauth2.resource.servlet.OAuth2ResourceServerAutoConfiguration, org.springframework.boot.autoconfigure.security.servlet.SecurityAutoConfiguration, org.springframework.boot.autoconfigure.security.servlet.SecurityFilterAutoConfiguration, org.springframework.boot.autoconfigure.security.servlet.UserDetailsServiceAutoConfiguration, org.springframework.boot.test.autoconfigure.web.servlet.MockMvcSecurityConfiguration, org.springframework.boot.test.autoconfigure.web.reactive.WebTestClientAutoConfiguration]], org.springframework.boot.test.context.filter.ExcludeFilterContextCustomizer@535779e4, org.springframework.boot.test.json.DuplicateJsonObjectContextCustomizerFactory$DuplicateJsonObjectContextCustomizer@1f3f02ee, org.springframework.boot.test.mock.mockito.MockitoContextCustomizer@0, org.springframework.boot.test.web.client.TestRestTemplateContextCustomizer@79179359, org.springframework.boot.test.autoconfigure.actuate.metrics.MetricsExportContextCustomizerFactory$DisableMetricExportContextCustomizer@3da30852, org.springframework.boot.test.autoconfigure.properties.PropertyMappingContextCustomizer@4b3fa0b3, org.springframework.boot.test.autoconfigure.web.servlet.WebDriverContextCustomizerFactory$Customizer@1a6c1270, org.springframework.boot.test.context.SpringBootTestArgs@1, org.springframework.boot.test.context.SpringBootTestWebEnvironment@77f1baf5], resourceBasePath = 'src/main/webapp', contextLoader = 'org.springframework.boot.test.context.SpringBootContextLoader', parent = [null]], attributes = map['org.springframework.test.context.web.ServletTestExecutionListener.activateListener' -> true]], class annotated with @DirtiesContext [false] with mode [null].

  .   ____          _            __ _ _
 /\\ / ___'_ __ _ _(_)_ __  __ _ \ \ \ \
( ( )\___ | '_ | '_| | '_ \/ _` | \ \ \ \
 \\/  ___)| |_)| | | | | || (_| |  ) ) ) )
  '  |____| .__|_| |_|_| |_\__, | / / / /
 =========|_|==============|___/=/_/_/_/
&amp#27;[32m :: Spring Boot :: &amp#27;[39m             &amp#27;[2m (v2.7.10)&amp#27;[0;39m

&amp#27;[2m2024-12-21 20:39:02.790&amp#27;[0;39m &amp#27;[32m INFO&amp#27;[0;39m &amp#27;[35m91125&amp#27;[0;39m &amp#27;[2m---&amp#27;[0;39m &amp#27;[2m[           main]&amp#27;[0;39m &amp#27;[36mc.e.g.controller.GroceryControllerTest  &amp#27;[0;39m &amp#27;[2m:&amp#27;[0;39m Starting GroceryControllerTest using Java 23.0.1 on KNRX-IN-C-ENG-CHANDRA-SHEKHAR.local with PID 91125 (started by apple in /Users/apple/Documents/ qp-assessment/demo)
&amp#27;[2m2024-12-21 20:39:02.792&amp#27;[0;39m &amp#27;[32m INFO&amp#27;[0;39m &amp#27;[35m91125&amp#27;[0;39m &amp#27;[2m---&amp#27;[0;39m &amp#27;[2m[           main]&amp#27;[0;39m &amp#27;[36mc.e.g.controller.GroceryControllerTest  &amp#27;[0;39m &amp#27;[2m:&amp#27;[0;39m No active profile set, falling back to 1 default profile: "default"
&amp#27;[2m2024-12-21 20:39:04.197&amp#27;[0;39m &amp#27;[32m INFO&amp#27;[0;39m &amp#27;[35m91125&amp#27;[0;39m &amp#27;[2m---&amp#27;[0;39m &amp#27;[2m[           main]&amp#27;[0;39m &amp#27;[36m.s.d.r.c.RepositoryConfigurationDelegate&amp#27;[0;39m &amp#27;[2m:&amp#27;[0;39m Bootstrapping Spring Data JPA repositories in DEFAULT mode.
&amp#27;[2m2024-12-21 20:39:04.289&amp#27;[0;39m &amp#27;[32m INFO&amp#27;[0;39m &amp#27;[35m91125&amp#27;[0;39m &amp#27;[2m---&amp#27;[0;39m &amp#27;[2m[           main]&amp#27;[0;39m &amp#27;[36m.s.d.r.c.RepositoryConfigurationDelegate&amp#27;[0;39m &amp#27;[2m:&amp#27;[0;39m Finished Spring Data repository scanning in 84 ms. Found 2 JPA repository interfaces.
&amp#27;[2m2024-12-21 20:39:06.074&amp#27;[0;39m &amp#27;[32m INFO&amp#27;[0;39m &amp#27;[35m91125&amp#27;[0;39m &amp#27;[2m---&amp#27;[0;39m &amp#27;[2m[           main]&amp#27;[0;39m &amp#27;[36mcom.zaxxer.hikari.HikariDataSource      &amp#27;[0;39m &amp#27;[2m:&amp#27;[0;39m HikariPool-1 - Starting...
&amp#27;[2m2024-12-21 20:39:06.368&amp#27;[0;39m &amp#27;[32m INFO&amp#27;[0;39m &amp#27;[35m91125&amp#27;[0;39m &amp#27;[2m---&amp#27;[0;39m &amp#27;[2m[           main]&amp#27;[0;39m &amp#27;[36mcom.zaxxer.hikari.HikariDataSource      &amp#27;[0;39m &amp#27;[2m:&amp#27;[0;39m HikariPool-1 - Start completed.
&amp#27;[2m2024-12-21 20:39:06.575&amp#27;[0;39m &amp#27;[32m INFO&amp#27;[0;39m &amp#27;[35m91125&amp#27;[0;39m &amp#27;[2m---&amp#27;[0;39m &amp#27;[2m[           main]&amp#27;[0;39m &amp#27;[36mo.hibernate.jpa.internal.util.LogHelper &amp#27;[0;39m &amp#27;[2m:&amp#27;[0;39m HHH000204: Processing PersistenceUnitInfo [name: default]
&amp#27;[2m2024-12-21 20:39:06.642&amp#27;[0;39m &amp#27;[32m INFO&amp#27;[0;39m &amp#27;[35m91125&amp#27;[0;39m &amp#27;[2m---&amp#27;[0;39m &amp#27;[2m[           main]&amp#27;[0;39m &amp#27;[36morg.hibernate.Version                   &amp#27;[0;39m &amp#27;[2m:&amp#27;[0;39m HHH000412: Hibernate ORM core version 5.6.15.Final
&amp#27;[2m2024-12-21 20:39:06.874&amp#27;[0;39m &amp#27;[32m INFO&amp#27;[0;39m &amp#27;[35m91125&amp#27;[0;39m &amp#27;[2m---&amp#27;[0;39m &amp#27;[2m[           main]&amp#27;[0;39m &amp#27;[36mo.hibernate.annotations.common.Version  &amp#27;[0;39m &amp#27;[2m:&amp#27;[0;39m HCANN000001: Hibernate Commons Annotations {5.1.2.Final}
&amp#27;[2m2024-12-21 20:39:07.032&amp#27;[0;39m &amp#27;[32m INFO&amp#27;[0;39m &amp#27;[35m91125&amp#27;[0;39m &amp#27;[2m---&amp#27;[0;39m &amp#27;[2m[           main]&amp#27;[0;39m &amp#27;[36morg.hibernate.dialect.Dialect           &amp#27;[0;39m &amp#27;[2m:&amp#27;[0;39m HHH000400: Using dialect: org.hibernate.dialect.H2Dialect
&amp#27;[2m2024-12-21 20:39:07.865&amp#27;[0;39m &amp#27;[32m INFO&amp#27;[0;39m &amp#27;[35m91125&amp#27;[0;39m &amp#27;[2m---&amp#27;[0;39m &amp#27;[2m[           main]&amp#27;[0;39m &amp#27;[36mo.h.e.t.j.p.i.JtaPlatformInitiator      &amp#27;[0;39m &amp#27;[2m:&amp#27;[0;39m HHH000490: Using JtaPlatform implementation: [org.hibernate.engine.transaction.jta.platform.internal.NoJtaPlatform]
&amp#27;[2m2024-12-21 20:39:07.875&amp#27;[0;39m &amp#27;[32m INFO&amp#27;[0;39m &amp#27;[35m91125&amp#27;[0;39m &amp#27;[2m---&amp#27;[0;39m &amp#27;[2m[           main]&amp#27;[0;39m &amp#27;[36mj.LocalContainerEntityManagerFactoryBean&amp#27;[0;39m &amp#27;[2m:&amp#27;[0;39m Initialized JPA EntityManagerFactory for persistence unit 'default'
&amp#27;[2m2024-12-21 20:39:09.778&amp#27;[0;39m &amp#27;[33m WARN&amp#27;[0;39m &amp#27;[35m91125&amp#27;[0;39m &amp#27;[2m---&amp#27;[0;39m &amp#27;[2m[           main]&amp#27;[0;39m &amp#27;[36mJpaBaseConfiguration$JpaWebConfiguration&amp#27;[0;39m &amp#27;[2m:&amp#27;[0;39m spring.jpa.open-in-view is enabled by default. Therefore, database queries may be performed during view rendering. Explicitly configure spring.jpa.open-in-view to disable this warning
&amp#27;[2m2024-12-21 20:39:10.863&amp#27;[0;39m &amp#27;[32m INFO&amp#27;[0;39m &amp#27;[35m91125&amp#27;[0;39m &amp#27;[2m---&amp#27;[0;39m &amp#27;[2m[           main]&amp#27;[0;39m &amp#27;[36mo.s.b.t.m.w.SpringBootMockServletContext&amp#27;[0;39m &amp#27;[2m:&amp#27;[0;39m Initializing Spring TestDispatcherServlet ''
&amp#27;[2m2024-12-21 20:39:10.864&amp#27;[0;39m &amp#27;[32m INFO&amp#27;[0;39m &amp#27;[35m91125&amp#27;[0;39m &amp#27;[2m---&amp#27;[0;39m &amp#27;[2m[           main]&amp#27;[0;39m &amp#27;[36mo.s.t.web.servlet.TestDispatcherServlet &amp#27;[0;39m &amp#27;[2m:&amp#27;[0;39m Initializing Servlet ''
&amp#27;[2m2024-12-21 20:39:10.865&amp#27;[0;39m &amp#27;[32m INFO&amp#27;[0;39m &amp#27;[35m91125&amp#27;[0;39m &amp#27;[2m---&amp#27;[0;39m &amp#27;[2m[           main]&amp#27;[0;39m &amp#27;[36mo.s.t.web.servlet.TestDispatcherServlet &amp#27;[0;39m &amp#27;[2m:&amp#27;[0;39m Completed initialization in 1 ms
&amp#27;[2m2024-12-21 20:39:10.912&amp#27;[0;39m &amp#27;[32m INFO&amp#27;[0;39m &amp#27;[35m91125&amp#27;[0;39m &amp#27;[2m---&amp#27;[0;39m &amp#27;[2m[           main]&amp#27;[0;39m &amp#27;[36mc.e.g.controller.GroceryControllerTest  &amp#27;[0;39m &amp#27;[2m:&amp#27;[0;39m Started GroceryControllerTest in 8.812 seconds (JVM running for 12.07)
]]></system-out>
  </testcase>
  <testcase name="testUpdateGrocery" classname="com.example.grocerybookingapi.controller.GroceryControllerTest" time="0.311"/>
  <testcase name="testAddGrocery" classname="com.example.grocerybookingapi.controller.GroceryControllerTest" time="0.019"/>
  <testcase name="testDeleteGrocery" classname="com.example.grocerybookingapi.controller.GroceryControllerTest" time="0.045"/>
</testsuite>